  [1m[36m (72.0ms)[0m  [1mCREATE TABLE "schema_migrations" ("version" varchar NOT NULL) [0m
  [1m[35m (1.0ms)[0m  select sqlite_version(*)
  [1m[36m (18.0ms)[0m  [1mCREATE UNIQUE INDEX "unique_schema_migrations" ON "schema_migrations" ("version")[0m
  [1m[35mActiveRecord::SchemaMigration Load (0.0ms)[0m  SELECT "schema_migrations".* FROM "schema_migrations"
Migrating to CreatePosts (20150328051836)
  [1m[36m (0.0ms)[0m  [1mbegin transaction[0m
  [1m[35m (4.0ms)[0m  CREATE TABLE "posts" ("id" INTEGER PRIMARY KEY AUTOINCREMENT NOT NULL, "title" varchar, "body" text, "created_at" datetime NOT NULL, "updated_at" datetime NOT NULL) 
  [1m[36mSQL (0.0ms)[0m  [1mINSERT INTO "schema_migrations" ("version") VALUES (?)[0m  [["version", "20150328051836"]]
  [1m[35m (16.0ms)[0m  commit transaction
Migrating to CreateComments (20150328053940)
  [1m[36m (0.0ms)[0m  [1mbegin transaction[0m
  [1m[35m (3.0ms)[0m  CREATE TABLE "comments" ("id" INTEGER PRIMARY KEY AUTOINCREMENT NOT NULL, "post_id" integer, "body" text, "created_at" datetime NOT NULL, "updated_at" datetime NOT NULL) 
  [1m[36mSQL (0.0ms)[0m  [1mINSERT INTO "schema_migrations" ("version") VALUES (?)[0m  [["version", "20150328053940"]]
  [1m[35m (37.0ms)[0m  commit transaction
  [1m[36mActiveRecord::SchemaMigration Load (0.0ms)[0m  [1mSELECT "schema_migrations".* FROM "schema_migrations"[0m


Started GET "/" for ::1 at 2015-03-28 11:37:27 +0530
  [1m[36mActiveRecord::SchemaMigration Load (0.0ms)[0m  [1mSELECT "schema_migrations".* FROM "schema_migrations"[0m
Processing by Rails::WelcomeController#index as HTML
  Rendered C:/RailsInstaller/Ruby2.1.0/lib/ruby/gems/2.1.0/gems/railties-4.2.1/lib/rails/templates/rails/welcome/index.html.erb (8.0ms)
Completed 200 OK in 70ms (Views: 33.0ms | ActiveRecord: 0.0ms)


Started GET "/" for ::1 at 2015-03-28 11:37:57 +0530
Processing by Rails::WelcomeController#index as HTML
  Rendered C:/RailsInstaller/Ruby2.1.0/lib/ruby/gems/2.1.0/gems/railties-4.2.1/lib/rails/templates/rails/welcome/index.html.erb (0.0ms)
Completed 200 OK in 16ms (Views: 15.0ms | ActiveRecord: 0.0ms)


Started GET "/posts" for ::1 at 2015-03-28 11:38:08 +0530
Processing by PostsController#index as HTML
  [1m[35mPost Load (1.0ms)[0m  SELECT "posts".* FROM "posts"
  Rendered posts/index.html.erb within layouts/application (7.0ms)
Completed 200 OK in 7669ms (Views: 7656.4ms | ActiveRecord: 1.0ms)


Started GET "/assets/comments-64e62ddc273c2f5847f30d698ca14b67.css?body=1" for ::1 at 2015-03-28 11:38:17 +0530


Started GET "/assets/posts-64e62ddc273c2f5847f30d698ca14b67.css?body=1" for ::1 at 2015-03-28 11:38:17 +0530


Started GET "/assets/turbolinks-f87b3583ca50adb0488b031297f5580d.js?body=1" for ::1 at 2015-03-28 11:38:17 +0530


Started GET "/assets/application-6b8a7c0379bf3b42b5db1a1a08385b7a.css?body=1" for ::1 at 2015-03-28 11:38:17 +0530


Started GET "/assets/scaffolds-3715685cf34d92b948f656a8767eac40.css?body=1" for ::1 at 2015-03-28 11:38:17 +0530


Started GET "/assets/jquery-87424c3c19e96d4fb033c10ebe21ec40.js?body=1" for ::1 at 2015-03-28 11:38:17 +0530


Started GET "/assets/jquery_ujs-e27bd20a10d28155845a22d71ef94f2f.js?body=1" for ::1 at 2015-03-28 11:38:17 +0530


Started GET "/assets/comments-fcec5b5a277ac7c20cc9f45a209a3bcd.js?body=1" for ::1 at 2015-03-28 11:38:17 +0530


Started GET "/assets/posts-fcec5b5a277ac7c20cc9f45a209a3bcd.js?body=1" for ::1 at 2015-03-28 11:38:17 +0530


Started GET "/assets/application-e5e7face3f4512cb331acefd5e77b444.js?body=1" for ::1 at 2015-03-28 11:38:17 +0530


Started GET "/posts/new" for ::1 at 2015-03-28 11:38:28 +0530
Processing by PostsController#new as HTML
  Rendered posts/_form.html.erb (302.0ms)
  Rendered posts/new.html.erb within layouts/application (365.0ms)
Completed 200 OK in 776ms (Views: 753.0ms | ActiveRecord: 2.0ms)


Started POST "/posts" for ::1 at 2015-03-28 11:39:05 +0530
Processing by PostsController#create as HTML
  Parameters: {"utf8"=>"✓", "authenticity_token"=>"q5pdM27qieeKznq83R7DXoQt/qLm25jDRdt8H/gJViJxZ6342plV0VSCp+so3jmYAK64jSSs68lv5Y6in5S7pw==", "post"=>{"title"=>"My First Post", "body"=>"Life is great"}, "commit"=>"Create Post"}
  [1m[36m (0.0ms)[0m  [1mbegin transaction[0m
  [1m[35mSQL (7.0ms)[0m  INSERT INTO "posts" ("title", "body", "created_at", "updated_at") VALUES (?, ?, ?, ?)  [["title", "My First Post"], ["body", "Life is great"], ["created_at", "2015-03-28 06:09:05.668501"], ["updated_at", "2015-03-28 06:09:05.668501"]]
  [1m[36m (46.0ms)[0m  [1mcommit transaction[0m
Redirected to http://localhost:3000/posts/1
Completed 302 Found in 92ms (ActiveRecord: 53.0ms)


Started GET "/posts/1" for ::1 at 2015-03-28 11:39:05 +0530
Processing by PostsController#show as HTML
  Parameters: {"id"=>"1"}
  [1m[35mPost Load (1.0ms)[0m  SELECT  "posts".* FROM "posts" WHERE "posts"."id" = ? LIMIT 1  [["id", 1]]
  Rendered posts/show.html.erb within layouts/application (3.0ms)
Completed 200 OK in 321ms (Views: 209.0ms | ActiveRecord: 1.0ms)


Started GET "/comments" for ::1 at 2015-03-28 11:39:26 +0530
Processing by CommentsController#index as HTML
  [1m[36mComment Load (1.0ms)[0m  [1mSELECT "comments".* FROM "comments"[0m
  Rendered comments/index.html.erb within layouts/application (9.0ms)
Completed 200 OK in 321ms (Views: 309.0ms | ActiveRecord: 1.0ms)


Started GET "/comments/new" for ::1 at 2015-03-28 11:39:34 +0530
Processing by CommentsController#new as HTML
  Rendered comments/_form.html.erb (25.0ms)
  Rendered comments/new.html.erb within layouts/application (31.0ms)
Completed 200 OK in 271ms (Views: 245.0ms | ActiveRecord: 2.0ms)


Started POST "/comments" for ::1 at 2015-03-28 11:40:16 +0530
Processing by CommentsController#create as HTML
  Parameters: {"utf8"=>"✓", "authenticity_token"=>"uO4d5YRS/q0O8UKAuDcMrBvil+4aXbLlQobCxa1272BiE+0uMCEim9C9n9dN9/Zqn2HRwdgqwe9ouDB4yusC5Q==", "comment"=>{"post_id"=>"1", "body"=>"Great post!"}, "commit"=>"Create Comment"}
  [1m[35m (0.0ms)[0m  begin transaction
  [1m[36mSQL (3.0ms)[0m  [1mINSERT INTO "comments" ("post_id", "body", "created_at", "updated_at") VALUES (?, ?, ?, ?)[0m  [["post_id", 1], ["body", "Great post!"], ["created_at", "2015-03-28 06:10:16.032526"], ["updated_at", "2015-03-28 06:10:16.032526"]]
  [1m[35m (95.0ms)[0m  commit transaction
Redirected to http://localhost:3000/comments/1
Completed 302 Found in 120ms (ActiveRecord: 98.0ms)


Started GET "/comments/1" for ::1 at 2015-03-28 11:40:16 +0530
Processing by CommentsController#show as HTML
  Parameters: {"id"=>"1"}
  [1m[36mComment Load (2.0ms)[0m  [1mSELECT  "comments".* FROM "comments" WHERE "comments"."id" = ? LIMIT 1[0m  [["id", 1]]
  Rendered comments/show.html.erb within layouts/application (3.0ms)
Completed 200 OK in 280ms (Views: 269.0ms | ActiveRecord: 2.0ms)


Started GET "/" for ::1 at 2015-03-30 18:36:19 +0530
  [1m[36mActiveRecord::SchemaMigration Load (1.0ms)[0m  [1mSELECT "schema_migrations".* FROM "schema_migrations"[0m

ActiveRecord::PendingMigrationError (

Migrations are pending. To resolve this issue, run:

	bin/rake db:migrate RAILS_ENV=development

):
  activerecord (4.2.1) lib/active_record/migration.rb:393:in `check_pending!'
  activerecord (4.2.1) lib/active_record/migration.rb:374:in `call'
  actionpack (4.2.1) lib/action_dispatch/middleware/callbacks.rb:29:in `block in call'
  activesupport (4.2.1) lib/active_support/callbacks.rb:88:in `call'
  activesupport (4.2.1) lib/active_support/callbacks.rb:88:in `_run_callbacks'
  activesupport (4.2.1) lib/active_support/callbacks.rb:776:in `_run_call_callbacks'
  activesupport (4.2.1) lib/active_support/callbacks.rb:81:in `run_callbacks'
  actionpack (4.2.1) lib/action_dispatch/middleware/callbacks.rb:27:in `call'
  actionpack (4.2.1) lib/action_dispatch/middleware/reloader.rb:73:in `call'
  actionpack (4.2.1) lib/action_dispatch/middleware/remote_ip.rb:78:in `call'
  actionpack (4.2.1) lib/action_dispatch/middleware/debug_exceptions.rb:17:in `call'
  web-console (2.1.2) lib/web_console/middleware.rb:37:in `call'
  actionpack (4.2.1) lib/action_dispatch/middleware/show_exceptions.rb:30:in `call'
  railties (4.2.1) lib/rails/rack/logger.rb:38:in `call_app'
  railties (4.2.1) lib/rails/rack/logger.rb:20:in `block in call'
  activesupport (4.2.1) lib/active_support/tagged_logging.rb:68:in `block in tagged'
  activesupport (4.2.1) lib/active_support/tagged_logging.rb:26:in `tagged'
  activesupport (4.2.1) lib/active_support/tagged_logging.rb:68:in `tagged'
  railties (4.2.1) lib/rails/rack/logger.rb:20:in `call'
  actionpack (4.2.1) lib/action_dispatch/middleware/request_id.rb:21:in `call'
  rack (1.6.0) lib/rack/methodoverride.rb:22:in `call'
  rack (1.6.0) lib/rack/runtime.rb:18:in `call'
  activesupport (4.2.1) lib/active_support/cache/strategy/local_cache_middleware.rb:28:in `call'
  rack (1.6.0) lib/rack/lock.rb:17:in `call'
  actionpack (4.2.1) lib/action_dispatch/middleware/static.rb:113:in `call'
  rack (1.6.0) lib/rack/sendfile.rb:113:in `call'
  railties (4.2.1) lib/rails/engine.rb:518:in `call'
  railties (4.2.1) lib/rails/application.rb:164:in `call'
  rack (1.6.0) lib/rack/lock.rb:17:in `call'
  rack (1.6.0) lib/rack/content_length.rb:15:in `call'
  rack (1.6.0) lib/rack/handler/webrick.rb:89:in `service'
  C:/RailsInstaller/Ruby2.1.0/lib/ruby/2.1.0/webrick/httpserver.rb:138:in `service'
  C:/RailsInstaller/Ruby2.1.0/lib/ruby/2.1.0/webrick/httpserver.rb:94:in `run'
  C:/RailsInstaller/Ruby2.1.0/lib/ruby/2.1.0/webrick/server.rb:295:in `block in start_thread'


  Rendered C:/RailsInstaller/Ruby2.1.0/lib/ruby/gems/2.1.0/gems/actionpack-4.2.1/lib/action_dispatch/middleware/templates/rescues/_source.erb (2.0ms)
  Rendered C:/RailsInstaller/Ruby2.1.0/lib/ruby/gems/2.1.0/gems/actionpack-4.2.1/lib/action_dispatch/middleware/templates/rescues/_trace.html.erb (6.0ms)
  Rendered C:/RailsInstaller/Ruby2.1.0/lib/ruby/gems/2.1.0/gems/actionpack-4.2.1/lib/action_dispatch/middleware/templates/rescues/_request_and_response.html.erb (3.0ms)
  Rendered C:/RailsInstaller/Ruby2.1.0/lib/ruby/gems/2.1.0/gems/actionpack-4.2.1/lib/action_dispatch/middleware/templates/rescues/diagnostics.html.erb within rescues/layout (283.0ms)
  Rendered C:/RailsInstaller/Ruby2.1.0/lib/ruby/gems/2.1.0/gems/web-console-2.1.2/lib/web_console/templates/_markup.html.erb (0.0ms)
  Rendered C:/RailsInstaller/Ruby2.1.0/lib/ruby/gems/2.1.0/gems/web-console-2.1.2/lib/web_console/templates/style.css.erb within layouts/inlined_string (1.0ms)
  Rendered C:/RailsInstaller/Ruby2.1.0/lib/ruby/gems/2.1.0/gems/web-console-2.1.2/lib/web_console/templates/_inner_console_markup.html.erb within layouts/inlined_string (1.0ms)
  Rendered C:/RailsInstaller/Ruby2.1.0/lib/ruby/gems/2.1.0/gems/web-console-2.1.2/lib/web_console/templates/_prompt_box_markup.html.erb within layouts/inlined_string (1.0ms)
  Rendered C:/RailsInstaller/Ruby2.1.0/lib/ruby/gems/2.1.0/gems/web-console-2.1.2/lib/web_console/templates/console.js.erb within layouts/javascript (156.0ms)
  Rendered C:/RailsInstaller/Ruby2.1.0/lib/ruby/gems/2.1.0/gems/web-console-2.1.2/lib/web_console/templates/main.js.erb within layouts/javascript (1.0ms)
  Rendered C:/RailsInstaller/Ruby2.1.0/lib/ruby/gems/2.1.0/gems/web-console-2.1.2/lib/web_console/templates/error_page.js.erb within layouts/javascript (1.0ms)
  Rendered C:/RailsInstaller/Ruby2.1.0/lib/ruby/gems/2.1.0/gems/web-console-2.1.2/lib/web_console/templates/index.html.erb (439.0ms)
  [1m[36mActiveRecord::SchemaMigration Load (0.0ms)[0m  [1mSELECT "schema_migrations".* FROM "schema_migrations"[0m
Migrating to CreateReads (20150330085522)
  [1m[35m (0.0ms)[0m  begin transaction
  [1m[36m (41.0ms)[0m  [1mCREATE TABLE "reads" ("id" INTEGER PRIMARY KEY AUTOINCREMENT NOT NULL, "post_id" integer, "created_at" datetime NOT NULL, "updated_at" datetime NOT NULL) [0m
  [1m[35mSQL (1.0ms)[0m  INSERT INTO "schema_migrations" ("version") VALUES (?)  [["version", "20150330085522"]]
  [1m[36m (31.0ms)[0m  [1mcommit transaction[0m
  [1m[35mActiveRecord::SchemaMigration Load (1.0ms)[0m  SELECT "schema_migrations".* FROM "schema_migrations"


Started GET "/" for ::1 at 2015-03-30 18:42:03 +0530
  [1m[36mActiveRecord::SchemaMigration Load (0.0ms)[0m  [1mSELECT "schema_migrations".* FROM "schema_migrations"[0m
Processing by Rails::WelcomeController#index as HTML
  Rendered C:/RailsInstaller/Ruby2.1.0/lib/ruby/gems/2.1.0/gems/railties-4.2.1/lib/rails/templates/rails/welcome/index.html.erb (12.0ms)
Completed 200 OK in 216ms (Views: 114.0ms | ActiveRecord: 0.0ms)


Started GET "/post" for ::1 at 2015-03-30 18:42:53 +0530

ActionController::RoutingError (No route matches [GET] "/post"):
  actionpack (4.2.1) lib/action_dispatch/middleware/debug_exceptions.rb:21:in `call'
  web-console (2.1.2) lib/web_console/middleware.rb:37:in `call'
  actionpack (4.2.1) lib/action_dispatch/middleware/show_exceptions.rb:30:in `call'
  railties (4.2.1) lib/rails/rack/logger.rb:38:in `call_app'
  railties (4.2.1) lib/rails/rack/logger.rb:20:in `block in call'
  activesupport (4.2.1) lib/active_support/tagged_logging.rb:68:in `block in tagged'
  activesupport (4.2.1) lib/active_support/tagged_logging.rb:26:in `tagged'
  activesupport (4.2.1) lib/active_support/tagged_logging.rb:68:in `tagged'
  railties (4.2.1) lib/rails/rack/logger.rb:20:in `call'
  actionpack (4.2.1) lib/action_dispatch/middleware/request_id.rb:21:in `call'
  rack (1.6.0) lib/rack/methodoverride.rb:22:in `call'
  rack (1.6.0) lib/rack/runtime.rb:18:in `call'
  activesupport (4.2.1) lib/active_support/cache/strategy/local_cache_middleware.rb:28:in `call'
  rack (1.6.0) lib/rack/lock.rb:17:in `call'
  actionpack (4.2.1) lib/action_dispatch/middleware/static.rb:113:in `call'
  rack (1.6.0) lib/rack/sendfile.rb:113:in `call'
  railties (4.2.1) lib/rails/engine.rb:518:in `call'
  railties (4.2.1) lib/rails/application.rb:164:in `call'
  rack (1.6.0) lib/rack/lock.rb:17:in `call'
  rack (1.6.0) lib/rack/content_length.rb:15:in `call'
  rack (1.6.0) lib/rack/handler/webrick.rb:89:in `service'
  C:/RailsInstaller/Ruby2.1.0/lib/ruby/2.1.0/webrick/httpserver.rb:138:in `service'
  C:/RailsInstaller/Ruby2.1.0/lib/ruby/2.1.0/webrick/httpserver.rb:94:in `run'
  C:/RailsInstaller/Ruby2.1.0/lib/ruby/2.1.0/webrick/server.rb:295:in `block in start_thread'


  Rendered C:/RailsInstaller/Ruby2.1.0/lib/ruby/gems/2.1.0/gems/actionpack-4.2.1/lib/action_dispatch/middleware/templates/rescues/_trace.html.erb (7.0ms)
  Rendered C:/RailsInstaller/Ruby2.1.0/lib/ruby/gems/2.1.0/gems/actionpack-4.2.1/lib/action_dispatch/middleware/templates/routes/_route.html.erb (9.0ms)
  Rendered C:/RailsInstaller/Ruby2.1.0/lib/ruby/gems/2.1.0/gems/actionpack-4.2.1/lib/action_dispatch/middleware/templates/routes/_table.html.erb (123.0ms)
  Rendered C:/RailsInstaller/Ruby2.1.0/lib/ruby/gems/2.1.0/gems/actionpack-4.2.1/lib/action_dispatch/middleware/templates/rescues/_request_and_response.html.erb (6.0ms)
  Rendered C:/RailsInstaller/Ruby2.1.0/lib/ruby/gems/2.1.0/gems/actionpack-4.2.1/lib/action_dispatch/middleware/templates/rescues/routing_error.html.erb within rescues/layout (418.0ms)
  Rendered C:/RailsInstaller/Ruby2.1.0/lib/ruby/gems/2.1.0/gems/web-console-2.1.2/lib/web_console/templates/_markup.html.erb (1.0ms)
  Rendered C:/RailsInstaller/Ruby2.1.0/lib/ruby/gems/2.1.0/gems/web-console-2.1.2/lib/web_console/templates/style.css.erb within layouts/inlined_string (1.0ms)
  Rendered C:/RailsInstaller/Ruby2.1.0/lib/ruby/gems/2.1.0/gems/web-console-2.1.2/lib/web_console/templates/_inner_console_markup.html.erb within layouts/inlined_string (1.0ms)
  Rendered C:/RailsInstaller/Ruby2.1.0/lib/ruby/gems/2.1.0/gems/web-console-2.1.2/lib/web_console/templates/_prompt_box_markup.html.erb within layouts/inlined_string (1.0ms)
  Rendered C:/RailsInstaller/Ruby2.1.0/lib/ruby/gems/2.1.0/gems/web-console-2.1.2/lib/web_console/templates/console.js.erb within layouts/javascript (123.0ms)
  Rendered C:/RailsInstaller/Ruby2.1.0/lib/ruby/gems/2.1.0/gems/web-console-2.1.2/lib/web_console/templates/main.js.erb within layouts/javascript (1.0ms)
  Rendered C:/RailsInstaller/Ruby2.1.0/lib/ruby/gems/2.1.0/gems/web-console-2.1.2/lib/web_console/templates/error_page.js.erb within layouts/javascript (1.0ms)
  Rendered C:/RailsInstaller/Ruby2.1.0/lib/ruby/gems/2.1.0/gems/web-console-2.1.2/lib/web_console/templates/index.html.erb (271.0ms)


Started GET "/posts" for ::1 at 2015-03-30 18:43:04 +0530
Processing by PostsController#index as HTML
  [1m[35mPost Load (1.0ms)[0m  SELECT "posts".* FROM "posts"
  Rendered posts/index.html.erb within layouts/application (28.0ms)
Completed 200 OK in 5911ms (Views: 5897.3ms | ActiveRecord: 3.0ms)


Started GET "/assets/comments-64e62ddc273c2f5847f30d698ca14b67.css?body=1" for ::1 at 2015-03-30 18:43:11 +0530


Started GET "/assets/posts-64e62ddc273c2f5847f30d698ca14b67.css?body=1" for ::1 at 2015-03-30 18:43:11 +0530


Started GET "/assets/jquery_ujs-e27bd20a10d28155845a22d71ef94f2f.js?body=1" for ::1 at 2015-03-30 18:43:11 +0530


Started GET "/assets/reads-64e62ddc273c2f5847f30d698ca14b67.css?body=1" for ::1 at 2015-03-30 18:43:11 +0530


Started GET "/assets/scaffolds-3715685cf34d92b948f656a8767eac40.css?body=1" for ::1 at 2015-03-30 18:43:11 +0530


Started GET "/assets/turbolinks-f87b3583ca50adb0488b031297f5580d.js?body=1" for ::1 at 2015-03-30 18:43:11 +0530


Started GET "/assets/application-6b8a7c0379bf3b42b5db1a1a08385b7a.css?body=1" for ::1 at 2015-03-30 18:43:11 +0530


Started GET "/assets/jquery-87424c3c19e96d4fb033c10ebe21ec40.js?body=1" for ::1 at 2015-03-30 18:43:11 +0530


Started GET "/assets/comments-fcec5b5a277ac7c20cc9f45a209a3bcd.js?body=1" for ::1 at 2015-03-30 18:43:11 +0530


Started GET "/assets/posts-fcec5b5a277ac7c20cc9f45a209a3bcd.js?body=1" for ::1 at 2015-03-30 18:43:11 +0530


Started GET "/assets/reads-fcec5b5a277ac7c20cc9f45a209a3bcd.js?body=1" for ::1 at 2015-03-30 18:43:11 +0530


Started GET "/assets/application-72ca61f8964a833c8434acaafe1d9633.js?body=1" for ::1 at 2015-03-30 18:43:11 +0530


Started GET "/posts/new" for ::1 at 2015-03-30 18:43:21 +0530
Processing by PostsController#new as HTML
  Rendered posts/_form.html.erb (245.0ms)
  Rendered posts/new.html.erb within layouts/application (252.0ms)
Completed 200 OK in 537ms (Views: 533.0ms | ActiveRecord: 0.0ms)


Started GET "/posts" for ::1 at 2015-03-30 18:43:29 +0530
Processing by PostsController#index as HTML
  [1m[36mPost Load (0.0ms)[0m  [1mSELECT "posts".* FROM "posts"[0m
  Rendered posts/index.html.erb within layouts/application (8.0ms)
Completed 200 OK in 397ms (Views: 393.0ms | ActiveRecord: 0.0ms)


Started GET "/posts/new" for ::1 at 2015-03-30 18:43:31 +0530
Processing by PostsController#new as HTML
  Rendered posts/_form.html.erb (8.0ms)
  Rendered posts/new.html.erb within layouts/application (31.0ms)
Completed 200 OK in 303ms (Views: 302.0ms | ActiveRecord: 0.0ms)


Started POST "/posts" for ::1 at 2015-03-30 18:43:47 +0530
Processing by PostsController#create as HTML
  Parameters: {"utf8"=>"✓", "authenticity_token"=>"8H7R0bN5PmgjE8/Ln5BzIolgsMOAz92Ch1T1Yss3l8G1B26cC8ltgcbTT4XHmU8EoqXmsEsU/+SEZHQuaQNoew==", "post"=>{"title"=>"My Second Post", "body"=>"Life is awesome"}, "commit"=>"Create Post"}
  [1m[35m (0.0ms)[0m  begin transaction
  [1m[36mSQL (5.0ms)[0m  [1mINSERT INTO "posts" ("title", "body", "created_at", "updated_at") VALUES (?, ?, ?, ?)[0m  [["title", "My Second Post"], ["body", "Life is awesome"], ["created_at", "2015-03-30 13:13:47.511793"], ["updated_at", "2015-03-30 13:13:47.511793"]]
  [1m[35m (19.0ms)[0m  commit transaction
Redirected to http://localhost:3000/posts/2
Completed 302 Found in 79ms (ActiveRecord: 24.0ms)


Started GET "/posts/2" for ::1 at 2015-03-30 18:43:47 +0530
Processing by PostsController#show as HTML
  Parameters: {"id"=>"2"}
  [1m[36mPost Load (0.0ms)[0m  [1mSELECT  "posts".* FROM "posts" WHERE "posts"."id" = ? LIMIT 1[0m  [["id", 2]]
  Rendered posts/show.html.erb within layouts/application (2.0ms)
Completed 200 OK in 397ms (Views: 243.0ms | ActiveRecord: 0.0ms)


Started GET "/posts" for ::1 at 2015-03-30 18:43:53 +0530
Processing by PostsController#index as HTML
  [1m[35mPost Load (1.0ms)[0m  SELECT "posts".* FROM "posts"
  Rendered posts/index.html.erb within layouts/application (9.0ms)
Completed 200 OK in 345ms (Views: 340.0ms | ActiveRecord: 1.0ms)


Started GET "/comments" for ::1 at 2015-03-30 18:44:17 +0530
Processing by CommentsController#index as HTML
  [1m[36mComment Load (1.0ms)[0m  [1mSELECT "comments".* FROM "comments"[0m
  Rendered comments/index.html.erb within layouts/application (34.0ms)
Completed 200 OK in 345ms (Views: 326.0ms | ActiveRecord: 2.0ms)


Started GET "/comments/new" for ::1 at 2015-03-30 18:44:24 +0530
Processing by CommentsController#new as HTML
  Rendered comments/_form.html.erb (22.0ms)
  Rendered comments/new.html.erb within layouts/application (30.0ms)
Completed 200 OK in 330ms (Views: 327.0ms | ActiveRecord: 0.0ms)


Started GET "/comments" for ::1 at 2015-03-30 18:44:32 +0530
Processing by CommentsController#index as HTML
  [1m[35mComment Load (1.0ms)[0m  SELECT "comments".* FROM "comments"
  Rendered comments/index.html.erb within layouts/application (11.0ms)
Completed 200 OK in 304ms (Views: 300.0ms | ActiveRecord: 1.0ms)


Started GET "/comments/new" for ::1 at 2015-03-30 18:44:35 +0530
Processing by CommentsController#new as HTML
  Rendered comments/_form.html.erb (5.0ms)
  Rendered comments/new.html.erb within layouts/application (14.0ms)
Completed 200 OK in 305ms (Views: 302.0ms | ActiveRecord: 0.0ms)


Started POST "/comments" for ::1 at 2015-03-30 18:44:48 +0530
Processing by CommentsController#create as HTML
  Parameters: {"utf8"=>"✓", "authenticity_token"=>"kQfBJWWZmfHKFDZKBuCEi3cWAFnyFRPnjDtdDUg8i5jUfn5o3SnKGC/UtgRe6bitXNNWKjnOMYGPC9xB6gh0Ig==", "comment"=>{"post_id"=>"2", "body"=>"Great post again!"}, "commit"=>"Create Comment"}
  [1m[36m (1.0ms)[0m  [1mbegin transaction[0m
  [1m[35mSQL (3.0ms)[0m  INSERT INTO "comments" ("post_id", "body", "created_at", "updated_at") VALUES (?, ?, ?, ?)  [["post_id", 2], ["body", "Great post again!"], ["created_at", "2015-03-30 13:14:48.142261"], ["updated_at", "2015-03-30 13:14:48.142261"]]
  [1m[36m (21.0ms)[0m  [1mcommit transaction[0m
Redirected to http://localhost:3000/comments/2
Completed 302 Found in 52ms (ActiveRecord: 25.0ms)


Started GET "/comments/2" for ::1 at 2015-03-30 18:44:48 +0530
Processing by CommentsController#show as HTML
  Parameters: {"id"=>"2"}
  [1m[35mComment Load (1.0ms)[0m  SELECT  "comments".* FROM "comments" WHERE "comments"."id" = ? LIMIT 1  [["id", 2]]
  Rendered comments/show.html.erb within layouts/application (2.0ms)
Completed 200 OK in 372ms (Views: 361.0ms | ActiveRecord: 1.0ms)
